ISim log file
Running: /home/bismarck/Desktop/VHDLDemo/LAB3/my_ckt_isim_beh.exe -intstyle ise -gui -tclbatch isim.cmd -wdb /home/bismarck/Desktop/VHDLDemo/LAB3/my_ckt_isim_beh.wdb 
INFO: There is another simulation running in the same directory. Using database file name isim1.wdb.
ISim P.20131013 (signature 0xfbc00daa)
This is a Full version of ISim.
Time resolution is 1 ps
# onerror resume
# wave add /
# run 1000 ns
Simulator is doing circuit initialization process.
Finished circuit initialization process.
# isim force add /my_ckt/a 1 -radix bin
# isim force add /my_ckt/b 0 -radix bin
# isim force add /my_ckt/b 0 -radix bin
# isim force add /my_ckt/c 1 -radix bin
# isim force add /my_ckt/c 1 -radix bin
# run 1.00us
# isim force add /my_ckt/c 0 -radix bin
# isim force add /my_ckt/c 0 -radix bin
# run 1.00us
# exit 0
