ISim log file
Running: /home/bismarck/Desktop/VHDLDemo/ElectricalLab/TFlipFlop_isim_beh.exe -intstyle ise -gui -tclbatch isim.cmd -wdb /home/bismarck/Desktop/VHDLDemo/ElectricalLab/TFlipFlop_isim_beh.wdb 
ISim P.20131013 (signature 0xfbc00daa)
This is a Full version of ISim.
Time resolution is 1 ps
# onerror resume
# wave add /
# run 1000 ns
Simulator is doing circuit initialization process.
Finished circuit initialization process.
# isim force add /tflipflop/clk 0 -radix bin -value 1 -radix bin -time 10 ns -repeat 20 ns
# isim force add /tflipflop/clk 0 -radix bin -value 1 -radix bin -time 10 ns -repeat 20 ns
# isim force add /tflipflop/clk 0 -radix bin -value 1 -radix bin -time 10 ns -repeat 20 ns
# isim force add /tflipflop/clk 0 -radix bin -value 1 -radix bin -time 10 ns -repeat 20 ns
# isim force add /tflipflop/t 1 -radix bin -value 0 -radix bin -time 4500 ps -repeat 9 ns
# isim force add /tflipflop/t 1 -radix bin -value 0 -radix bin -time 4500 ps -repeat 9 ns
# isim force add /tflipflop/s 1 -radix bin -cancel 5 ns
# isim force add /tflipflop/s 1 -radix bin -cancel 5 ns
# isim force add /tflipflop/s 1 -radix bin -cancel 5 ns
# run 1.00us
# run 1.00us
# run 1.00us
# run 1.00us
# run 1.00us
# run 1.00us
# run 1.00us
# run 1.00us
# run 1.00us
# run 1.00us
# run 1.00us
# run 1.00us
# run 1.00us
# run 1.00us
# run 1.00us
# run 1.00us
# run 1.00us
# run 1.00us
# run 1.00us
# run 1.00us
