Running: /opt/Xilinx/14.7/ISE_DS/ISE/bin/lin64/unwrapped/fuse -intstyle ise -incremental -o /home/bismarck/Desktop/VHDLDemo/Demo/process_mux_isim_beh.exe -prj /home/bismarck/Desktop/VHDLDemo/Demo/process_mux_beh.prj work.process_mux 
ISim P.20131013 (signature 0xfbc00daa)
Number of CPUs detected in this system: 4
Turning on mult-threading, number of parallel sub-compilation jobs: 8 
Determining compilation order of HDL files
Parsing VHDL file "/home/bismarck/Desktop/VHDLDemo/Demo/process_mux.vhd" into library work
Starting static elaboration
Completed static elaboration
Fuse Memory Usage: 83260 KB
Fuse CPU Usage: 1540 ms
Compiling package standard
Compiling package std_logic_1164
Compiling architecture process_mux_op of entity process_mux
Time Resolution for simulation is 1ps.
Waiting for 1 sub-compilation(s) to finish...
Compiled 3 VHDL Units
Built simulation executable /home/bismarck/Desktop/VHDLDemo/Demo/process_mux_isim_beh.exe
Fuse Memory Usage: 649000 KB
Fuse CPU Usage: 1570 ms
GCC CPU Usage: 240 ms
