ISim log file
Running: /home/bismarck/Desktop/VHDLDemo/Demo/process_mux_isim_beh.exe -intstyle ise -gui -tclbatch isim.cmd -wdb /home/bismarck/Desktop/VHDLDemo/Demo/process_mux_isim_beh.wdb 
ISim P.20131013 (signature 0xfbc00daa)
This is a Full version of ISim.
Time resolution is 1 ps
# onerror resume
# wave add /
# run 1000 ns
Simulator is doing circuit initialization process.
Finished circuit initialization process.
# isim force add /process_mux/data_in 10 -radix dec
# isim force add /process_mux/data_in 10 -radix dec
# run all
# isim force add /process_mux/sel 000 -radix bin
# isim force add /process_mux/sel 000 -radix bin
# run 1.00us
# isim force add /process_mux/sel 001 -radix bin
# isim force add /process_mux/sel 001 -radix bin
# run 1.00us
# isim force add /process_mux/sel 010 -radix bin
# isim force add /process_mux/sel 010 -radix bin
# run all
# run 1.00us
# exit 0
