--------------------------------------------------------------------------------
Release 14.7 Trace  (lin64)
Copyright (c) 1995-2013 Xilinx, Inc.  All rights reserved.

/opt/Xilinx/14.7/ISE_DS/ISE/bin/lin64/unwrapped/trce -intstyle ise -v 3 -s 5 -n
3 -fastpaths -xml j_comp.twx j_comp.ncd -o j_comp.twr j_comp.pcf

Design file:              j_comp.ncd
Physical constraint file: j_comp.pcf
Device,package,speed:     xc3s50,pq208,-5 (PRODUCTION 1.39 2013-10-13)
Report level:             verbose report

Environment Variable      Effect 
--------------------      ------ 
NONE                      No environment variables were set
--------------------------------------------------------------------------------

INFO:Timing:2698 - No timing constraints found, doing default enumeration.
INFO:Timing:3412 - To improve timing, see the Timing Closure User Guide (UG612).
INFO:Timing:2752 - To get complete path coverage, use the unconstrained paths 
   option. All paths that are not constrained will be reported in the 
   unconstrained paths section(s) of the report.
INFO:Timing:3339 - The clock-to-out numbers in this timing report are based on 
   a 50 Ohm transmission line loading model.  For the details of this model, 
   and for more information on accounting for different loading conditions, 
   please see the device datasheet.
INFO:Timing:3390 - This architecture does not support a default System Jitter 
   value, please add SYSTEM_JITTER constraint to the UCF to modify the Clock 
   Uncertainty calculation.
INFO:Timing:3389 - This architecture does not support 'Discrete Jitter' and 
   'Phase Error' calculations, these terms will be zero in the Clock 
   Uncertainty calculation.  Please make appropriate modification to 
   SYSTEM_JITTER to account for the unsupported Discrete Jitter and Phase 
   Error.



Data Sheet report:
-----------------
All values displayed in nanoseconds (ns)

Pad to Pad
---------------+---------------+---------+
Source Pad     |Destination Pad|  Delay  |
---------------+---------------+---------+
COMP_SEL<0>    |Y              |    7.296|
COMP_SEL<1>    |Y              |    7.290|
COMP_SEL<2>    |Y              |    6.573|
INPUT_1<0>     |Y              |   11.457|
INPUT_1<1>     |Y              |   11.170|
INPUT_1<2>     |Y              |   10.738|
INPUT_1<3>     |Y              |   11.277|
INPUT_1<4>     |Y              |   10.731|
INPUT_1<5>     |Y              |   10.272|
INPUT_1<6>     |Y              |   10.686|
INPUT_1<7>     |Y              |   10.718|
INPUT_1<8>     |Y              |   10.703|
INPUT_1<9>     |Y              |   10.468|
INPUT_1<10>    |Y              |   10.592|
INPUT_1<11>    |Y              |   10.227|
INPUT_1<12>    |Y              |   10.322|
INPUT_1<13>    |Y              |   10.359|
INPUT_1<14>    |Y              |   10.555|
INPUT_1<15>    |Y              |   10.176|
INPUT_2<0>     |Y              |   10.375|
INPUT_2<1>     |Y              |   10.719|
INPUT_2<2>     |Y              |   10.525|
INPUT_2<3>     |Y              |   10.528|
INPUT_2<4>     |Y              |    9.778|
INPUT_2<5>     |Y              |    9.987|
INPUT_2<6>     |Y              |    9.923|
INPUT_2<7>     |Y              |   10.153|
INPUT_2<8>     |Y              |    9.570|
INPUT_2<9>     |Y              |   10.151|
INPUT_2<10>    |Y              |   10.135|
INPUT_2<11>    |Y              |   10.047|
INPUT_2<12>    |Y              |   10.138|
INPUT_2<13>    |Y              |    9.687|
INPUT_2<14>    |Y              |    9.996|
INPUT_2<15>    |Y              |    9.558|
---------------+---------------+---------+


Analysis completed Wed Feb 26 17:27:12 2020 
--------------------------------------------------------------------------------

Trace Settings:
-------------------------
Trace Settings 

Peak Memory Usage: 298 MB



