Release 14.7 - xst P.20131013 (lin64)
Copyright (c) 1995-2013 Xilinx, Inc.  All rights reserved.
--> 
Parameter TMPDIR set to xst/projnav.tmp


Total REAL time to Xst completion: 0.00 secs
Total CPU time to Xst completion: 0.06 secs
 
--> 
Parameter xsthdpdir set to xst


Total REAL time to Xst completion: 0.00 secs
Total CPU time to Xst completion: 0.06 secs
 
--> 
Reading design: comparator_s.prj

TABLE OF CONTENTS
  1) Synthesis Options Summary
  2) HDL Compilation
  3) Design Hierarchy Analysis
  4) HDL Analysis
  5) HDL Synthesis
     5.1) HDL Synthesis Report
  6) Advanced HDL Synthesis
     6.1) Advanced HDL Synthesis Report
  7) Low Level Synthesis
  8) Partition Report
  9) Final Report
	9.1) Device utilization summary
	9.2) Partition Resource Summary
	9.3) TIMING REPORT


=========================================================================
*                      Synthesis Options Summary                        *
=========================================================================
---- Source Parameters
Input File Name                    : "comparator_s.prj"
Input Format                       : mixed
Ignore Synthesis Constraint File   : NO

---- Target Parameters
Output File Name                   : "comparator_s"
Output Format                      : NGC
Target Device                      : xc3s50-5-pq208

---- Source Options
Top Module Name                    : comparator_s
Automatic FSM Extraction           : YES
FSM Encoding Algorithm             : Auto
Safe Implementation                : No
FSM Style                          : LUT
RAM Extraction                     : Yes
RAM Style                          : Auto
ROM Extraction                     : Yes
Mux Style                          : Auto
Decoder Extraction                 : YES
Priority Encoder Extraction        : Yes
Shift Register Extraction          : YES
Logical Shifter Extraction         : YES
XOR Collapsing                     : YES
ROM Style                          : Auto
Mux Extraction                     : Yes
Resource Sharing                   : YES
Asynchronous To Synchronous        : NO
Multiplier Style                   : Auto
Automatic Register Balancing       : No

---- Target Options
Add IO Buffers                     : YES
Global Maximum Fanout              : 100000
Add Generic Clock Buffer(BUFG)     : 8
Register Duplication               : YES
Slice Packing                      : YES
Optimize Instantiated Primitives   : NO
Use Clock Enable                   : Yes
Use Synchronous Set                : Yes
Use Synchronous Reset              : Yes
Pack IO Registers into IOBs        : Auto
Equivalent register Removal        : YES

---- General Options
Optimization Goal                  : Speed
Optimization Effort                : 1
Keep Hierarchy                     : No
Netlist Hierarchy                  : As_Optimized
RTL Output                         : Yes
Global Optimization                : AllClockNets
Read Cores                         : YES
Write Timing Constraints           : NO
Cross Clock Analysis               : NO
Hierarchy Separator                : /
Bus Delimiter                      : <>
Case Specifier                     : Maintain
Slice Utilization Ratio            : 100
BRAM Utilization Ratio             : 100
Verilog 2001                       : YES
Auto BRAM Packing                  : NO
Slice Utilization Ratio Delta      : 5

=========================================================================


=========================================================================
*                          HDL Compilation                              *
=========================================================================
Compiling vhdl file "/home/bismarck/Desktop/VHDL_LABS/four_of_fie_voter_circuit/comparator_s.vhd" in Library work.
Architecture behavioral of Entity comparator_s is up to date.

=========================================================================
*                     Design Hierarchy Analysis                         *
=========================================================================
Analyzing hierarchy for entity <comparator_s> in library <work> (architecture <behavioral>).


=========================================================================
*                            HDL Analysis                               *
=========================================================================
Analyzing Entity <comparator_s> in library <work> (Architecture <behavioral>).
Entity <comparator_s> analyzed. Unit <comparator_s> generated.


=========================================================================
*                           HDL Synthesis                               *
=========================================================================

Performing bidirectional port resolution...

Synthesizing Unit <comparator_s>.
    Related source file is "/home/bismarck/Desktop/VHDL_LABS/four_of_fie_voter_circuit/comparator_s.vhd".
    Found 1-bit 8-to-1 multiplexer for signal <Y<0>>.
    Found 16-bit comparator equal for signal <Y_0$cmp_eq0000> created at line 42.
    Found 16-bit comparator greatequal for signal <Y_0$cmp_ge0000> created at line 42.
    Found 16-bit comparator greater for signal <Y_0$cmp_gt0000> created at line 42.
    Found 16-bit comparator greater for signal <Y_0$cmp_gt0001> created at line 42.
    Found 16-bit comparator lessequal for signal <Y_0$cmp_le0000> created at line 42.
    Found 16-bit comparator less for signal <Y_0$cmp_lt0000> created at line 42.
    Found 16-bit comparator less for signal <Y_0$cmp_lt0001> created at line 42.
    Summary:
	inferred   7 Comparator(s).
	inferred   1 Multiplexer(s).
Unit <comparator_s> synthesized.


=========================================================================
HDL Synthesis Report

Macro Statistics
# Comparators                                          : 7
 16-bit comparator equal                               : 1
 16-bit comparator greatequal                          : 1
 16-bit comparator greater                             : 2
 16-bit comparator less                                : 2
 16-bit comparator lessequal                           : 1
# Multiplexers                                         : 1
 1-bit 8-to-1 multiplexer                              : 1

=========================================================================

=========================================================================
*                       Advanced HDL Synthesis                          *
=========================================================================


=========================================================================
Advanced HDL Synthesis Report

Macro Statistics
# Comparators                                          : 7
 16-bit comparator equal                               : 1
 16-bit comparator greatequal                          : 1
 16-bit comparator greater                             : 2
 16-bit comparator less                                : 2
 16-bit comparator lessequal                           : 1
# Multiplexers                                         : 1
 1-bit 8-to-1 multiplexer                              : 1

=========================================================================

=========================================================================
*                         Low Level Synthesis                           *
=========================================================================

Optimizing unit <comparator_s> ...

Mapping all equations...
Building and optimizing final netlist ...
Found area constraint ratio of 100 (+ 5) on block comparator_s, actual ratio is 4.

Final Macro Processing ...

=========================================================================
Final Register Report

Found no macro
=========================================================================

=========================================================================
*                           Partition Report                            *
=========================================================================

Partition Implementation Status
-------------------------------

  No Partitions were found in this design.

-------------------------------

=========================================================================
*                            Final Report                               *
=========================================================================
Final Results
RTL Top Level Output File Name     : comparator_s.ngr
Top Level Output File Name         : comparator_s
Output Format                      : NGC
Optimization Goal                  : Speed
Keep Hierarchy                     : No

Design Statistics
# IOs                              : 36

Cell Usage :
# BELS                             : 117
#      GND                         : 1
#      INV                         : 4
#      LUT1                        : 4
#      LUT2                        : 34
#      LUT3                        : 2
#      LUT4                        : 14
#      MUXCY                       : 54
#      MUXF5                       : 2
#      MUXF6                       : 1
#      VCC                         : 1
# IO Buffers                       : 36
#      IBUF                        : 35
#      OBUF                        : 1
=========================================================================

Device utilization summary:
---------------------------

Selected Device : 3s50pq208-5 

 Number of Slices:                       30  out of    768     3%  
 Number of 4 input LUTs:                 58  out of   1536     3%  
 Number of IOs:                          36
 Number of bonded IOBs:                  36  out of    124    29%  

---------------------------
Partition Resource Summary:
---------------------------

  No Partitions were found in this design.

---------------------------


=========================================================================
TIMING REPORT

NOTE: THESE TIMING NUMBERS ARE ONLY A SYNTHESIS ESTIMATE.
      FOR ACCURATE TIMING INFORMATION PLEASE REFER TO THE TRACE REPORT
      GENERATED AFTER PLACE-and-ROUTE.

Clock Information:
------------------
No clock signals found in this design

Asynchronous Control Signals Information:
----------------------------------------
No asynchronous control signals found in this design

Timing Summary:
---------------
Speed Grade: -5

   Minimum period: No path found
   Minimum input arrival time before clock: No path found
   Maximum output required time after clock: No path found
   Maximum combinational path delay: 11.393ns

Timing Detail:
--------------
All values displayed in nanoseconds (ns)

=========================================================================
Timing constraint: Default path analysis
  Total number of paths / destination ports: 215 / 1
-------------------------------------------------------------------------
Delay:               11.393ns (Levels of Logic = 22)
  Source:            Input_2<0> (PAD)
  Destination:       Y<0> (PAD)

  Data Path: Input_2<0> to Y<0>
                                Gate     Net
    Cell:in->out      fanout   Delay   Delay  Logical Name (Net Name)
    ----------------------------------------  ------------
     IBUF:I->O             3   0.715   1.066  Input_2_0_IBUF (Input_2_0_IBUF)
     LUT2:I0->O            1   0.479   0.000  Mcompar_Y_0_cmp_gt0001_lut<0> (Mcompar_Y_0_cmp_gt0001_lut<0>)
     MUXCY:S->O            1   0.435   0.000  Mcompar_Y_0_cmp_gt0001_cy<0> (Mcompar_Y_0_cmp_gt0001_cy<0>)
     MUXCY:CI->O           1   0.056   0.000  Mcompar_Y_0_cmp_gt0001_cy<1> (Mcompar_Y_0_cmp_gt0001_cy<1>)
     MUXCY:CI->O           1   0.056   0.000  Mcompar_Y_0_cmp_gt0001_cy<2> (Mcompar_Y_0_cmp_gt0001_cy<2>)
     MUXCY:CI->O           1   0.056   0.000  Mcompar_Y_0_cmp_gt0001_cy<3> (Mcompar_Y_0_cmp_gt0001_cy<3>)
     MUXCY:CI->O           1   0.056   0.000  Mcompar_Y_0_cmp_gt0001_cy<4> (Mcompar_Y_0_cmp_gt0001_cy<4>)
     MUXCY:CI->O           1   0.056   0.000  Mcompar_Y_0_cmp_gt0001_cy<5> (Mcompar_Y_0_cmp_gt0001_cy<5>)
     MUXCY:CI->O           1   0.056   0.000  Mcompar_Y_0_cmp_gt0001_cy<6> (Mcompar_Y_0_cmp_gt0001_cy<6>)
     MUXCY:CI->O           1   0.056   0.000  Mcompar_Y_0_cmp_gt0001_cy<7> (Mcompar_Y_0_cmp_gt0001_cy<7>)
     MUXCY:CI->O           1   0.056   0.000  Mcompar_Y_0_cmp_gt0001_cy<8> (Mcompar_Y_0_cmp_gt0001_cy<8>)
     MUXCY:CI->O           1   0.056   0.000  Mcompar_Y_0_cmp_gt0001_cy<9> (Mcompar_Y_0_cmp_gt0001_cy<9>)
     MUXCY:CI->O           1   0.056   0.000  Mcompar_Y_0_cmp_gt0001_cy<10> (Mcompar_Y_0_cmp_gt0001_cy<10>)
     MUXCY:CI->O           1   0.056   0.000  Mcompar_Y_0_cmp_gt0001_cy<11> (Mcompar_Y_0_cmp_gt0001_cy<11>)
     MUXCY:CI->O           1   0.056   0.000  Mcompar_Y_0_cmp_gt0001_cy<12> (Mcompar_Y_0_cmp_gt0001_cy<12>)
     MUXCY:CI->O           1   0.055   0.000  Mcompar_Y_0_cmp_gt0001_cy<13> (Mcompar_Y_0_cmp_gt0001_cy<13>)
     MUXCY:CI->O           1   0.056   0.000  Mcompar_Y_0_cmp_gt0001_cy<14> (Mcompar_Y_0_cmp_gt0001_cy<14>)
     MUXCY:CI->O           1   0.265   0.976  Mcompar_Y_0_cmp_gt0001_cy<15> (Mcompar_Y_0_cmp_gt0001_cy<15>)
     LUT2:I0->O            1   0.479   0.000  Mmux_Y<0>_511 (Mmux_Y<0>_51)
     MUXF5:I1->O           1   0.314   0.000  Mmux_Y<0>_4_f5 (Mmux_Y<0>_4_f5)
     MUXF6:I0->O           1   0.298   0.681  Mmux_Y<0>_2_f6 (Y_0_OBUF)
     OBUF:I->O                 4.909          Y_0_OBUF (Y<0>)
    ----------------------------------------
    Total                     11.393ns (8.670ns logic, 2.723ns route)
                                       (76.1% logic, 23.9% route)

=========================================================================


Total REAL time to Xst completion: 5.00 secs
Total CPU time to Xst completion: 5.08 secs
 
--> 


Total memory usage is 511284 kilobytes

Number of errors   :    0 (   0 filtered)
Number of warnings :    0 (   0 filtered)
Number of infos    :    0 (   0 filtered)

