Running: /opt/Xilinx/14.7/ISE_DS/ISE/bin/lin64/unwrapped/fuse -relaunch -intstyle "ise" -incremental -o "/home/bismarck/Desktop/VHDL_LABS/four_of_fie_voter_circuit/comparator_s_isim_beh.exe" -prj "/home/bismarck/Desktop/VHDL_LABS/four_of_fie_voter_circuit/comparator_s_beh.prj" "work.comparator_s" 
ISim P.20131013 (signature 0xfbc00daa)
Number of CPUs detected in this system: 4
Turning on mult-threading, number of parallel sub-compilation jobs: 8 
Determining compilation order of HDL files
Parsing VHDL file "/home/bismarck/Desktop/VHDL_LABS/four_of_fie_voter_circuit/comparator_s.vhd" into library work
Starting static elaboration
Completed static elaboration
Fuse Memory Usage: 85020 KB
Fuse CPU Usage: 1990 ms
Compiling package standard
Compiling package std_logic_1164
Compiling package numeric_std
Compiling architecture behavioral of entity comparator_s
Time Resolution for simulation is 1ps.
Waiting for 1 sub-compilation(s) to finish...
Compiled 4 VHDL Units
Built simulation executable /home/bismarck/Desktop/VHDL_LABS/four_of_fie_voter_circuit/comparator_s_isim_beh.exe
Fuse Memory Usage: 657120 KB
Fuse CPU Usage: 2100 ms
GCC CPU Usage: 160 ms
